2019-06-13T10:20:49.143045900Z	INFO
0 正在第0架梯子的第14个踏板上，自右向左行进，离出生已27秒 
2019-06-13T10:20:49.192054300Z	INFO
1 正在第1架梯子的第14个踏板上，自右向左行进，离出生已27秒 
2019-06-13T10:20:49.192054300Z	INFO
2 正在第3架梯子的第4个踏板上，自左向右行进，离出生已27秒 
2019-06-13T10:20:49.193051100Z	INFO
3 正在第4架梯子的第4个踏板上，自左向右行进，离出生已27秒 
2019-06-13T10:20:49.193051100Z	INFO
4 正在第2架梯子的第14个踏板上，自右向左行进，离出生已27秒 
2019-06-13T10:20:49.193051100Z	INFO
5 正在第5架梯子的第14个踏板上，自右向左行进，离出生已27秒 
2019-06-13T10:20:49.193051100Z	INFO
6 正在第6架梯子的第5个踏板上，自左向右行进，离出生已27秒 
2019-06-13T10:20:49.193051100Z	INFO
7 正在第9架梯子的第2个踏板上，自左向右行进，离出生已27秒 
2019-06-13T10:20:49.193051100Z	INFO
8 正在第8架梯子的第5个踏板上，自左向右行进，离出生已27秒 
2019-06-13T10:20:49.193051100Z	INFO
9 正在第7架梯子的第14个踏板上，自右向左行进，离出生已27秒 
2019-06-13T10:20:49.203050500Z	INFO
10 正在左岸等待，离出生已27秒
2019-06-13T10:20:49.204053200Z	INFO
11 正在右岸等待，离出生已27秒
2019-06-13T10:20:49.204053200Z	INFO
12 正在左岸等待，离出生已27秒
2019-06-13T10:20:49.204053200Z	INFO
13 正在右岸等待，离出生已27秒
2019-06-13T10:20:49.204053200Z	INFO
14 正在左岸等待，离出生已27秒
2019-06-13T10:20:49.204053200Z	INFO
15 正在右岸等待，离出生已27秒
2019-06-13T10:20:49.204053200Z	INFO
16 正在右岸等待，离出生已27秒
2019-06-13T10:20:49.205050800Z	INFO
17 正在左岸等待，离出生已27秒
2019-06-13T10:20:49.205050800Z	INFO
18 正在左岸等待，离出生已27秒
2019-06-13T10:20:49.205050800Z	INFO
19 正在右岸等待，离出生已27秒
2019-06-13T10:20:50.231800700Z	INFO
0 正在第0架梯子的第9个踏板上，自右向左行进，离出生已28秒 
2019-06-13T10:20:50.231800700Z	INFO
1 正在第1架梯子的第9个踏板上，自右向左行进，离出生已28秒 
2019-06-13T10:20:50.231800700Z	INFO
2 正在第3架梯子的第8个踏板上，自左向右行进，离出生已28秒 
2019-06-13T10:20:50.231800700Z	INFO
3 正在第4架梯子的第8个踏板上，自左向右行进，离出生已28秒 
2019-06-13T10:20:50.231800700Z	INFO
4 正在第2架梯子的第9个踏板上，自右向左行进，离出生已28秒 
2019-06-13T10:20:50.232801300Z	INFO
5 正在第5架梯子的第9个踏板上，自右向左行进，离出生已28秒 
2019-06-13T10:20:50.232801300Z	INFO
6 正在第6架梯子的第10个踏板上，自左向右行进，离出生已28秒 
2019-06-13T10:20:50.232801300Z	INFO
7 正在第9架梯子的第4个踏板上，自左向右行进，离出生已28秒 
2019-06-13T10:20:50.232801300Z	INFO
8 正在第8架梯子的第10个踏板上，自左向右行进，离出生已28秒 
2019-06-13T10:20:50.232801300Z	INFO
9 正在第7架梯子的第9个踏板上，自右向左行进，离出生已28秒 
2019-06-13T10:20:50.232801300Z	INFO
10 正在第3架梯子的第5个踏板上，自左向右行进，离出生已28秒 
2019-06-13T10:20:50.232801300Z	INFO
11 正在第1架梯子的第15个踏板上，自右向左行进，离出生已28秒 
2019-06-13T10:20:50.233800400Z	INFO
12 正在第6架梯子的第4个踏板上，自左向右行进，离出生已28秒 
2019-06-13T10:20:50.233800400Z	INFO
13 正在右岸等待，离出生已28秒
2019-06-13T10:20:50.233800400Z	INFO
14 正在第4架梯子的第5个踏板上，自左向右行进，离出生已28秒 
2019-06-13T10:20:50.233800400Z	INFO
15 正在第0架梯子的第16个踏板上，自右向左行进，离出生已28秒 
2019-06-13T10:20:50.233800400Z	INFO
16 正在右岸等待，离出生已28秒
2019-06-13T10:20:50.233800400Z	INFO
17 正在第9架梯子的第3个踏板上，自左向右行进，离出生已28秒 
2019-06-13T10:20:50.233800400Z	INFO
18 正在第8架梯子的第4个踏板上，自左向右行进，离出生已28秒 
2019-06-13T10:20:50.234780600Z	INFO
19 正在右岸等待，离出生已28秒
2019-06-13T10:20:51.236874300Z	INFO
0 正在第0架梯子的第4个踏板上，自右向左行进，离出生已29秒 
2019-06-13T10:20:51.236874300Z	INFO
1 正在第1架梯子的第4个踏板上，自右向左行进，离出生已29秒 
2019-06-13T10:20:51.236874300Z	INFO
2 正在第3架梯子的第12个踏板上，自左向右行进，离出生已29秒 
2019-06-13T10:20:51.236874300Z	INFO
3 正在第4架梯子的第12个踏板上，自左向右行进，离出生已29秒 
2019-06-13T10:20:51.237857900Z	INFO
4 正在第2架梯子的第4个踏板上，自右向左行进，离出生已29秒 
2019-06-13T10:20:51.237857900Z	INFO
5 正在第5架梯子的第4个踏板上，自右向左行进，离出生已29秒 
2019-06-13T10:20:51.237857900Z	INFO
6 正在第6架梯子的第15个踏板上，自左向右行进，离出生已29秒 
2019-06-13T10:20:51.237857900Z	INFO
7 正在第9架梯子的第6个踏板上，自左向右行进，离出生已29秒 
2019-06-13T10:20:51.237857900Z	INFO
8 正在第8架梯子的第15个踏板上，自左向右行进，离出生已29秒 
2019-06-13T10:20:51.237857900Z	INFO
9 正在第7架梯子的第4个踏板上，自右向左行进，离出生已29秒 
2019-06-13T10:20:51.237857900Z	INFO
10 正在第3架梯子的第10个踏板上，自左向右行进，离出生已29秒 
2019-06-13T10:20:51.238854600Z	INFO
11 正在第1架梯子的第11个踏板上，自右向左行进，离出生已29秒 
2019-06-13T10:20:51.238854600Z	INFO
12 正在第6架梯子的第8个踏板上，自左向右行进，离出生已29秒 
2019-06-13T10:20:51.238854600Z	INFO
13 正在右岸等待，离出生已29秒
2019-06-13T10:20:51.238854600Z	INFO
14 正在第4架梯子的第10个踏板上，自左向右行进，离出生已29秒 
2019-06-13T10:20:51.238854600Z	INFO
15 正在第0架梯子的第13个踏板上，自右向左行进，离出生已29秒 
2019-06-13T10:20:51.238854600Z	INFO
16 正在右岸等待，离出生已29秒
2019-06-13T10:20:51.238854600Z	INFO
17 正在第9架梯子的第5个踏板上，自左向右行进，离出生已29秒 
2019-06-13T10:20:51.239853900Z	INFO
18 正在第8架梯子的第8个踏板上，自左向右行进，离出生已29秒 
2019-06-13T10:20:51.239853900Z	INFO
19 正在右岸等待，离出生已29秒
2019-06-13T10:20:52.241168700Z	INFO
0 正在第0架梯子的第0个踏板上，自右向左行进，离出生已30秒 
2019-06-13T10:20:52.241168700Z	INFO
1 正在第1架梯子的第0个踏板上，自右向左行进，离出生已30秒 
2019-06-13T10:20:52.241168700Z	INFO
2 正在第3架梯子的第16个踏板上，自左向右行进，离出生已30秒 
2019-06-13T10:20:52.241168700Z	INFO
3 正在第4架梯子的第16个踏板上，自左向右行进，离出生已30秒 
2019-06-13T10:20:52.242167600Z	INFO
4 正在第2架梯子的第0个踏板上，自右向左行进，离出生已30秒 
2019-06-13T10:20:52.242167600Z	INFO
5 正在第5架梯子的第0个踏板上，自右向左行进，离出生已30秒 
2019-06-13T10:20:52.242167600Z	INFO
6 正在第6架梯子的第19个踏板上，自左向右行进，离出生已30秒 
2019-06-13T10:20:52.242167600Z	INFO
7 正在第9架梯子的第8个踏板上，自左向右行进，离出生已30秒 
2019-06-13T10:20:52.242167600Z	INFO
8 正在第8架梯子的第19个踏板上，自左向右行进，离出生已30秒 
2019-06-13T10:20:52.242167600Z	INFO
9 正在第7架梯子的第0个踏板上，自右向左行进，离出生已30秒 
2019-06-13T10:20:52.242167600Z	INFO
10 正在第3架梯子的第15个踏板上，自左向右行进，离出生已30秒 
2019-06-13T10:20:52.242167600Z	INFO
11 正在第1架梯子的第7个踏板上，自右向左行进，离出生已30秒 
2019-06-13T10:20:52.243169600Z	INFO
12 正在第6架梯子的第12个踏板上，自左向右行进，离出生已30秒 
2019-06-13T10:20:52.243169600Z	INFO
13 正在右岸等待，离出生已30秒
2019-06-13T10:20:52.243169600Z	INFO
14 正在第4架梯子的第15个踏板上，自左向右行进，离出生已30秒 
2019-06-13T10:20:52.243169600Z	INFO
15 正在第0架梯子的第10个踏板上，自右向左行进，离出生已30秒 
2019-06-13T10:20:52.243169600Z	INFO
16 正在右岸等待，离出生已30秒
2019-06-13T10:20:52.243169600Z	INFO
17 正在第9架梯子的第7个踏板上，自左向右行进，离出生已30秒 
2019-06-13T10:20:52.243169600Z	INFO
18 正在第8架梯子的第12个踏板上，自左向右行进，离出生已30秒 
2019-06-13T10:20:52.244167100Z	INFO
19 正在右岸等待，离出生已30秒
2019-06-13T10:20:53.246392200Z	INFO
0 已从右岸抵达左岸，共耗时31秒 
2019-06-13T10:20:53.246392200Z	INFO
1 已从右岸抵达左岸，共耗时31秒 
2019-06-13T10:20:53.247372600Z	INFO
2 正在第3架梯子的第19个踏板上，自左向右行进，离出生已31秒 
2019-06-13T10:20:53.247372600Z	INFO
3 正在第4架梯子的第19个踏板上，自左向右行进，离出生已31秒 
2019-06-13T10:20:53.247372600Z	INFO
4 已从右岸抵达左岸，共耗时31秒 
2019-06-13T10:20:53.247372600Z	INFO
5 已从右岸抵达左岸，共耗时31秒 
2019-06-13T10:20:53.247372600Z	INFO
6 已从左岸抵达右岸，共耗时31秒 
2019-06-13T10:20:53.248373400Z	INFO
7 正在第9架梯子的第10个踏板上，自左向右行进，离出生已31秒 
2019-06-13T10:20:53.248373400Z	INFO
8 已从左岸抵达右岸，共耗时31秒 
2019-06-13T10:20:53.248373400Z	INFO
9 已从右岸抵达左岸，共耗时31秒 
2019-06-13T10:20:53.248373400Z	INFO
10 正在第3架梯子的第18个踏板上，自左向右行进，离出生已31秒 
2019-06-13T10:20:53.248373400Z	INFO
11 正在第1架梯子的第3个踏板上，自右向左行进，离出生已31秒 
2019-06-13T10:20:53.248373400Z	INFO
12 正在第6架梯子的第16个踏板上，自左向右行进，离出生已31秒 
2019-06-13T10:20:53.248373400Z	INFO
13 正在右岸等待，离出生已31秒
2019-06-13T10:20:53.249392300Z	INFO
14 正在第4架梯子的第18个踏板上，自左向右行进，离出生已31秒 
2019-06-13T10:20:53.249392300Z	INFO
15 正在第0架梯子的第7个踏板上，自右向左行进，离出生已31秒 
2019-06-13T10:20:53.249392300Z	INFO
16 正在右岸等待，离出生已31秒
2019-06-13T10:20:53.249392300Z	INFO
17 正在第9架梯子的第9个踏板上，自左向右行进，离出生已31秒 
2019-06-13T10:20:53.249392300Z	INFO
18 正在第8架梯子的第16个踏板上，自左向右行进，离出生已31秒 
2019-06-13T10:20:53.249392300Z	INFO
19 正在右岸等待，离出生已31秒
2019-06-13T10:20:54.251462800Z	INFO
2 已从左岸抵达右岸，共耗时32秒 
2019-06-13T10:20:54.251462800Z	INFO
3 已从左岸抵达右岸，共耗时32秒 
2019-06-13T10:20:54.251462800Z	INFO
7 正在第9架梯子的第12个踏板上，自左向右行进，离出生已32秒 
2019-06-13T10:20:54.251462800Z	INFO
10 正在第3架梯子的第19个踏板上，自左向右行进，离出生已32秒 
2019-06-13T10:20:54.251462800Z	INFO
11 正在第1架梯子的第0个踏板上，自右向左行进，离出生已32秒 
2019-06-13T10:20:54.252465300Z	INFO
12 正在第6架梯子的第19个踏板上，自左向右行进，离出生已32秒 
2019-06-13T10:20:54.252465300Z	INFO
13 正在第5架梯子的第17个踏板上，自右向左行进，离出生已32秒 
2019-06-13T10:20:54.252465300Z	INFO
14 正在第4架梯子的第19个踏板上，自左向右行进，离出生已32秒 
2019-06-13T10:20:54.252465300Z	INFO
15 正在第0架梯子的第4个踏板上，自右向左行进，离出生已32秒 
2019-06-13T10:20:54.252465300Z	INFO
16 正在第2架梯子的第17个踏板上，自右向左行进，离出生已32秒 
2019-06-13T10:20:54.252465300Z	INFO
17 正在第9架梯子的第11个踏板上，自左向右行进，离出生已32秒 
2019-06-13T10:20:54.253452100Z	INFO
18 正在第8架梯子的第19个踏板上，自左向右行进，离出生已32秒 
2019-06-13T10:20:54.253452100Z	INFO
19 正在第7架梯子的第17个踏板上，自右向左行进，离出生已32秒 
2019-06-13T10:20:55.256138800Z	INFO
7 正在第9架梯子的第14个踏板上，自左向右行进，离出生已33秒 
2019-06-13T10:20:55.256556900Z	INFO
10 已从左岸抵达右岸，共耗时33秒 
2019-06-13T10:20:55.256556900Z	INFO
11 已从右岸抵达左岸，共耗时33秒 
2019-06-13T10:20:55.256556900Z	INFO
12 已从左岸抵达右岸，共耗时33秒 
2019-06-13T10:20:55.256556900Z	INFO
13 正在第5架梯子的第15个踏板上，自右向左行进，离出生已33秒 
2019-06-13T10:20:55.256556900Z	INFO
14 已从左岸抵达右岸，共耗时33秒 
2019-06-13T10:20:55.256556900Z	INFO
15 正在第0架梯子的第1个踏板上，自右向左行进，离出生已33秒 
2019-06-13T10:20:55.256556900Z	INFO
16 正在第2架梯子的第15个踏板上，自右向左行进，离出生已33秒 
2019-06-13T10:20:55.257556900Z	INFO
17 正在第9架梯子的第13个踏板上，自左向右行进，离出生已33秒 
2019-06-13T10:20:55.257556900Z	INFO
18 已从左岸抵达右岸，共耗时33秒 
2019-06-13T10:20:55.257556900Z	INFO
19 正在第7架梯子的第15个踏板上，自右向左行进，离出生已33秒 
2019-06-13T10:20:56.259093600Z	INFO
7 正在第9架梯子的第16个踏板上，自左向右行进，离出生已34秒 
2019-06-13T10:20:56.259612400Z	INFO
13 正在第5架梯子的第13个踏板上，自右向左行进，离出生已34秒 
2019-06-13T10:20:56.259612400Z	INFO
15 正在第0架梯子的第0个踏板上，自右向左行进，离出生已34秒 
2019-06-13T10:20:56.259612400Z	INFO
16 正在第2架梯子的第13个踏板上，自右向左行进，离出生已34秒 
2019-06-13T10:20:56.259612400Z	INFO
17 正在第9架梯子的第15个踏板上，自左向右行进，离出生已34秒 
2019-06-13T10:20:56.259612400Z	INFO
19 正在第7架梯子的第13个踏板上，自右向左行进，离出生已34秒 
2019-06-13T10:20:57.262289100Z	INFO
7 正在第9架梯子的第18个踏板上，自左向右行进，离出生已35秒 
2019-06-13T10:20:57.262690600Z	INFO
13 正在第5架梯子的第11个踏板上，自右向左行进，离出生已35秒 
2019-06-13T10:20:57.262690600Z	INFO
15 已从右岸抵达左岸，共耗时35秒 
2019-06-13T10:20:57.262690600Z	INFO
16 正在第2架梯子的第11个踏板上，自右向左行进，离出生已35秒 
2019-06-13T10:20:57.262690600Z	INFO
17 正在第9架梯子的第17个踏板上，自左向右行进，离出生已35秒 
2019-06-13T10:20:57.262690600Z	INFO
19 正在第7架梯子的第11个踏板上，自右向左行进，离出生已35秒 
2019-06-13T10:20:58.264758100Z	INFO
7 正在第9架梯子的第19个踏板上，自左向右行进，离出生已36秒 
2019-06-13T10:20:58.264758100Z	INFO
13 正在第5架梯子的第9个踏板上，自右向左行进，离出生已36秒 
2019-06-13T10:20:58.264758100Z	INFO
16 正在第2架梯子的第9个踏板上，自右向左行进，离出生已36秒 
2019-06-13T10:20:58.264758100Z	INFO
17 正在第9架梯子的第18个踏板上，自左向右行进，离出生已36秒 
2019-06-13T10:20:58.264758100Z	INFO
19 正在第7架梯子的第9个踏板上，自右向左行进，离出生已36秒 
2019-06-13T10:20:59.266853800Z	INFO
7 已从左岸抵达右岸，共耗时37秒 
2019-06-13T10:20:59.266853800Z	INFO
13 正在第5架梯子的第7个踏板上，自右向左行进，离出生已37秒 
2019-06-13T10:20:59.266853800Z	INFO
16 正在第2架梯子的第7个踏板上，自右向左行进，离出生已37秒 
2019-06-13T10:20:59.266853800Z	INFO
17 正在第9架梯子的第19个踏板上，自左向右行进，离出生已37秒 
2019-06-13T10:20:59.266853800Z	INFO
19 正在第7架梯子的第7个踏板上，自右向左行进，离出生已37秒 
2019-06-13T10:21:00.270498100Z	INFO
13 正在第5架梯子的第5个踏板上，自右向左行进，离出生已38秒 
2019-06-13T10:21:00.270927Z	INFO
16 正在第2架梯子的第5个踏板上，自右向左行进，离出生已38秒 
2019-06-13T10:21:00.270927Z	INFO
17 已从左岸抵达右岸，共耗时38秒 
2019-06-13T10:21:00.270927Z	INFO
19 正在第7架梯子的第5个踏板上，自右向左行进，离出生已38秒 
2019-06-13T10:21:01.273563400Z	INFO
13 正在第5架梯子的第3个踏板上，自右向左行进，离出生已39秒 
2019-06-13T10:21:01.273563400Z	INFO
16 正在第2架梯子的第3个踏板上，自右向左行进，离出生已39秒 
2019-06-13T10:21:01.273563400Z	INFO
19 正在第7架梯子的第3个踏板上，自右向左行进，离出生已39秒 
2019-06-13T10:21:02.276188Z	INFO
13 正在第5架梯子的第1个踏板上，自右向左行进，离出生已40秒 
2019-06-13T10:21:02.276637200Z	INFO
16 正在第2架梯子的第1个踏板上，自右向左行进，离出生已40秒 
2019-06-13T10:21:02.276637200Z	INFO
19 正在第7架梯子的第1个踏板上，自右向左行进，离出生已40秒 
2019-06-13T10:21:03.278713100Z	INFO
13 正在第5架梯子的第0个踏板上，自右向左行进，离出生已41秒 
2019-06-13T10:21:03.278713100Z	INFO
16 正在第2架梯子的第0个踏板上，自右向左行进，离出生已41秒 
2019-06-13T10:21:03.278713100Z	INFO
19 正在第7架梯子的第0个踏板上，自右向左行进，离出生已41秒 
2019-06-13T10:21:04.280742200Z	INFO
13 已从右岸抵达左岸，共耗时42秒 
2019-06-13T10:21:04.280742200Z	INFO
16 已从右岸抵达左岸，共耗时42秒 
2019-06-13T10:21:04.281264200Z	INFO
19 已从右岸抵达左岸，共耗时42秒 
